Current time: 2024-06-04_19-28-25
train: True
num_epochs: 1
stop_time: None
load_model_path: None
save_model_path: ce_ls_1.pt
bert_model_name: FacebookAI/xlm-roberta-base
lr: 1e-05
weight_decay: 0.1
dropout_rate: 0.1
label_smoothing: 0.1
gradient_clip: 0
compute_recall_at_k: False
(2.90)------------- Training epoch 0 started -------------
(244.85) Epoch 0 on test dataset: MRR: 0.10; Recalls: tensor([0.0221, 0.1068, 0.2246]) Loss: 14690.08positive-loss: 649.24; negative-loss: 14040.83 
(245.16) Training batch 0/7151 loss: 1.811142921447754
(386.00) Training batch 500/7151 loss: 1.0930402278900146
(527.10) Training batch 1000/7151 loss: 1.247153878211975
(668.35) Training batch 1500/7151 loss: 1.0113807916641235
(809.65) Training batch 2000/7151 loss: 1.1921460628509521
(951.08) Training batch 2500/7151 loss: 1.3399279117584229
(1092.45) Training batch 3000/7151 loss: 1.177692174911499
(1233.94) Training batch 3500/7151 loss: 1.0890949964523315
(1375.43) Training batch 4000/7151 loss: 1.3015007972717285
